nohup: ignoring input
2022-12-10 21:06:45.887339: I tensorflow/core/platform/cpu_feature_guard.cc:193] This TensorFlow binary is optimized with oneAPI Deep Neural Network Library (oneDNN) to use the following CPU instructions in performance-critical operations:  AVX2 AVX512F FMA
To enable them in other operations, rebuild TensorFlow with the appropriate compiler flags.
2022-12-10 21:06:46.177585: W tensorflow/compiler/xla/stream_executor/platform/default/dso_loader.cc:64] Could not load dynamic library 'libcudart.so.11.0'; dlerror: libcudart.so.11.0: cannot open shared object file: No such file or directory; LD_LIBRARY_PATH: :/usr/local/cuda//lib64
2022-12-10 21:06:46.177702: I tensorflow/compiler/xla/stream_executor/cuda/cudart_stub.cc:29] Ignore above cudart dlerror if you do not have a GPU set up on your machine.
2022-12-10 21:06:47.414222: W tensorflow/compiler/xla/stream_executor/platform/default/dso_loader.cc:64] Could not load dynamic library 'libnvinfer.so.7'; dlerror: libnvinfer.so.7: cannot open shared object file: No such file or directory; LD_LIBRARY_PATH: :/usr/local/cuda//lib64
2022-12-10 21:06:47.414483: W tensorflow/compiler/xla/stream_executor/platform/default/dso_loader.cc:64] Could not load dynamic library 'libnvinfer_plugin.so.7'; dlerror: libnvinfer_plugin.so.7: cannot open shared object file: No such file or directory; LD_LIBRARY_PATH: :/usr/local/cuda//lib64
2022-12-10 21:06:47.414529: W tensorflow/compiler/tf2tensorrt/utils/py_utils.cc:38] TF-TRT Warning: Cannot dlopen some TensorRT libraries. If you would like to use Nvidia GPU with TensorRT, please make sure the missing libraries mentioned above are installed properly.
/home/mengding/anaconda3/lib/python3.9/site-packages/keras/optimizers/optimizer_v2/gradient_descent.py:114: UserWarning: The `lr` argument is deprecated, use `learning_rate` instead.
  super().__init__(name, **kwargs)
2022-12-10 21:06:50.601287: E tensorflow/compiler/xla/stream_executor/cuda/cuda_driver.cc:267] failed call to cuInit: CUDA_ERROR_NO_DEVICE: no CUDA-capable device is detected
2022-12-10 21:06:50.601412: I tensorflow/compiler/xla/stream_executor/cuda/cuda_diagnostics.cc:163] no NVIDIA GPU device is present: /dev/nvidia0 does not exist
2022-12-10 21:06:50.602147: I tensorflow/core/platform/cpu_feature_guard.cc:193] This TensorFlow binary is optimized with oneAPI Deep Neural Network Library (oneDNN) to use the following CPU instructions in performance-critical operations:  AVX2 AVX512F FMA
To enable them in other operations, rebuild TensorFlow with the appropriate compiler flags.
[INFO] loading CIFAR-10 data...
[INFO] compiling model...
[INFO] training network...
Epoch 1/40

Epoch 1: val_loss improved from inf to 1.16901, saving model to test_best/cifar10_best_weights.hdf5
782/782 - 157s - loss: 1.6602 - accuracy: 0.4435 - val_loss: 1.1690 - val_accuracy: 0.5782 - 157s/epoch - 201ms/step
Epoch 2/40

Epoch 2: val_loss improved from 1.16901 to 1.01635, saving model to test_best/cifar10_best_weights.hdf5
782/782 - 154s - loss: 1.1627 - accuracy: 0.5956 - val_loss: 1.0163 - val_accuracy: 0.6514 - 154s/epoch - 197ms/step
Epoch 3/40

Epoch 3: val_loss improved from 1.01635 to 0.95977, saving model to test_best/cifar10_best_weights.hdf5
782/782 - 153s - loss: 0.9783 - accuracy: 0.6593 - val_loss: 0.9598 - val_accuracy: 0.6693 - 153s/epoch - 196ms/step
Epoch 4/40

Epoch 4: val_loss improved from 0.95977 to 0.80499, saving model to test_best/cifar10_best_weights.hdf5
782/782 - 154s - loss: 0.8673 - accuracy: 0.6971 - val_loss: 0.8050 - val_accuracy: 0.7226 - 154s/epoch - 197ms/step
Epoch 5/40

Epoch 5: val_loss did not improve from 0.80499
782/782 - 154s - loss: 0.7896 - accuracy: 0.7236 - val_loss: 0.8216 - val_accuracy: 0.7113 - 154s/epoch - 197ms/step
Epoch 6/40

Epoch 6: val_loss improved from 0.80499 to 0.72559, saving model to test_best/cifar10_best_weights.hdf5
782/782 - 154s - loss: 0.7393 - accuracy: 0.7399 - val_loss: 0.7256 - val_accuracy: 0.7524 - 154s/epoch - 197ms/step
Epoch 7/40

Epoch 7: val_loss improved from 0.72559 to 0.69955, saving model to test_best/cifar10_best_weights.hdf5
782/782 - 153s - loss: 0.6859 - accuracy: 0.7588 - val_loss: 0.6996 - val_accuracy: 0.7601 - 153s/epoch - 196ms/step
Epoch 8/40

Epoch 8: val_loss improved from 0.69955 to 0.65174, saving model to test_best/cifar10_best_weights.hdf5
782/782 - 157s - loss: 0.6575 - accuracy: 0.7690 - val_loss: 0.6517 - val_accuracy: 0.7786 - 157s/epoch - 200ms/step
Epoch 9/40

Epoch 9: val_loss improved from 0.65174 to 0.63297, saving model to test_best/cifar10_best_weights.hdf5
782/782 - 155s - loss: 0.6234 - accuracy: 0.7792 - val_loss: 0.6330 - val_accuracy: 0.7806 - 155s/epoch - 198ms/step
Epoch 10/40

Epoch 10: val_loss did not improve from 0.63297
782/782 - 154s - loss: 0.5916 - accuracy: 0.7899 - val_loss: 0.6392 - val_accuracy: 0.7824 - 154s/epoch - 197ms/step
Epoch 11/40

Epoch 11: val_loss improved from 0.63297 to 0.60718, saving model to test_best/cifar10_best_weights.hdf5
782/782 - 154s - loss: 0.5628 - accuracy: 0.8010 - val_loss: 0.6072 - val_accuracy: 0.7931 - 154s/epoch - 197ms/step
Epoch 12/40

Epoch 12: val_loss did not improve from 0.60718
782/782 - 154s - loss: 0.5415 - accuracy: 0.8079 - val_loss: 0.6126 - val_accuracy: 0.7903 - 154s/epoch - 197ms/step
Epoch 13/40

Epoch 13: val_loss did not improve from 0.60718
782/782 - 153s - loss: 0.5246 - accuracy: 0.8126 - val_loss: 0.6154 - val_accuracy: 0.7938 - 153s/epoch - 196ms/step
Epoch 14/40

Epoch 14: val_loss improved from 0.60718 to 0.60441, saving model to test_best/cifar10_best_weights.hdf5
782/782 - 154s - loss: 0.4983 - accuracy: 0.8224 - val_loss: 0.6044 - val_accuracy: 0.7976 - 154s/epoch - 196ms/step
Epoch 15/40

Epoch 15: val_loss improved from 0.60441 to 0.58612, saving model to test_best/cifar10_best_weights.hdf5
782/782 - 154s - loss: 0.4789 - accuracy: 0.8289 - val_loss: 0.5861 - val_accuracy: 0.8009 - 154s/epoch - 196ms/step
Epoch 16/40

Epoch 16: val_loss improved from 0.58612 to 0.58091, saving model to test_best/cifar10_best_weights.hdf5
782/782 - 153s - loss: 0.4668 - accuracy: 0.8355 - val_loss: 0.5809 - val_accuracy: 0.7991 - 153s/epoch - 195ms/step
Epoch 17/40

Epoch 17: val_loss did not improve from 0.58091
782/782 - 153s - loss: 0.4473 - accuracy: 0.8413 - val_loss: 0.5859 - val_accuracy: 0.8016 - 153s/epoch - 196ms/step
Epoch 18/40

Epoch 18: val_loss did not improve from 0.58091
782/782 - 153s - loss: 0.4320 - accuracy: 0.8451 - val_loss: 0.5824 - val_accuracy: 0.8034 - 153s/epoch - 196ms/step
Epoch 19/40

Epoch 19: val_loss improved from 0.58091 to 0.57574, saving model to test_best/cifar10_best_weights.hdf5
782/782 - 153s - loss: 0.4188 - accuracy: 0.8489 - val_loss: 0.5757 - val_accuracy: 0.8058 - 153s/epoch - 196ms/step
Epoch 20/40

Epoch 20: val_loss improved from 0.57574 to 0.57205, saving model to test_best/cifar10_best_weights.hdf5
782/782 - 153s - loss: 0.4092 - accuracy: 0.8546 - val_loss: 0.5721 - val_accuracy: 0.8083 - 153s/epoch - 196ms/step
Epoch 21/40

Epoch 21: val_loss did not improve from 0.57205
782/782 - 152s - loss: 0.3955 - accuracy: 0.8591 - val_loss: 0.6078 - val_accuracy: 0.7980 - 152s/epoch - 195ms/step
Epoch 22/40

Epoch 22: val_loss improved from 0.57205 to 0.57027, saving model to test_best/cifar10_best_weights.hdf5
782/782 - 153s - loss: 0.3863 - accuracy: 0.8621 - val_loss: 0.5703 - val_accuracy: 0.8102 - 153s/epoch - 195ms/step
Epoch 23/40

Epoch 23: val_loss improved from 0.57027 to 0.56329, saving model to test_best/cifar10_best_weights.hdf5
782/782 - 153s - loss: 0.3805 - accuracy: 0.8650 - val_loss: 0.5633 - val_accuracy: 0.8105 - 153s/epoch - 196ms/step
Epoch 24/40

Epoch 24: val_loss did not improve from 0.56329
782/782 - 153s - loss: 0.3600 - accuracy: 0.8708 - val_loss: 0.5717 - val_accuracy: 0.8105 - 153s/epoch - 196ms/step
Epoch 25/40

Epoch 25: val_loss improved from 0.56329 to 0.55363, saving model to test_best/cifar10_best_weights.hdf5
782/782 - 153s - loss: 0.3535 - accuracy: 0.8746 - val_loss: 0.5536 - val_accuracy: 0.8158 - 153s/epoch - 195ms/step
Epoch 26/40

Epoch 26: val_loss did not improve from 0.55363
782/782 - 153s - loss: 0.3496 - accuracy: 0.8736 - val_loss: 0.5631 - val_accuracy: 0.8142 - 153s/epoch - 196ms/step
Epoch 27/40

Epoch 27: val_loss did not improve from 0.55363
782/782 - 153s - loss: 0.3384 - accuracy: 0.8791 - val_loss: 0.5631 - val_accuracy: 0.8135 - 153s/epoch - 196ms/step
Epoch 28/40

Epoch 28: val_loss did not improve from 0.55363
782/782 - 153s - loss: 0.3332 - accuracy: 0.8798 - val_loss: 0.5669 - val_accuracy: 0.8142 - 153s/epoch - 196ms/step
Epoch 29/40

Epoch 29: val_loss did not improve from 0.55363
782/782 - 154s - loss: 0.3216 - accuracy: 0.8835 - val_loss: 0.5572 - val_accuracy: 0.8153 - 154s/epoch - 196ms/step
Epoch 30/40

Epoch 30: val_loss did not improve from 0.55363
782/782 - 153s - loss: 0.3153 - accuracy: 0.8871 - val_loss: 0.5616 - val_accuracy: 0.8173 - 153s/epoch - 196ms/step
Epoch 31/40

Epoch 31: val_loss did not improve from 0.55363
782/782 - 154s - loss: 0.3084 - accuracy: 0.8896 - val_loss: 0.5607 - val_accuracy: 0.8181 - 154s/epoch - 197ms/step
Epoch 32/40

Epoch 32: val_loss did not improve from 0.55363
782/782 - 154s - loss: 0.3060 - accuracy: 0.8903 - val_loss: 0.5617 - val_accuracy: 0.8201 - 154s/epoch - 197ms/step
Epoch 33/40

Epoch 33: val_loss did not improve from 0.55363
782/782 - 154s - loss: 0.2971 - accuracy: 0.8949 - val_loss: 0.5689 - val_accuracy: 0.8164 - 154s/epoch - 197ms/step
Epoch 34/40

Epoch 34: val_loss did not improve from 0.55363
782/782 - 122s - loss: 0.2818 - accuracy: 0.8979 - val_loss: 0.5709 - val_accuracy: 0.8140 - 122s/epoch - 157ms/step
Epoch 35/40

Epoch 35: val_loss did not improve from 0.55363
782/782 - 104s - loss: 0.2852 - accuracy: 0.8970 - val_loss: 0.5751 - val_accuracy: 0.8170 - 104s/epoch - 133ms/step
Epoch 36/40

Epoch 36: val_loss did not improve from 0.55363
782/782 - 104s - loss: 0.2795 - accuracy: 0.9001 - val_loss: 0.5633 - val_accuracy: 0.8192 - 104s/epoch - 133ms/step
Epoch 37/40

Epoch 37: val_loss did not improve from 0.55363
782/782 - 104s - loss: 0.2725 - accuracy: 0.9021 - val_loss: 0.5675 - val_accuracy: 0.8166 - 104s/epoch - 133ms/step
Epoch 38/40

Epoch 38: val_loss did not improve from 0.55363
782/782 - 104s - loss: 0.2673 - accuracy: 0.9035 - val_loss: 0.5654 - val_accuracy: 0.8208 - 104s/epoch - 133ms/step
Epoch 39/40

Epoch 39: val_loss did not improve from 0.55363
782/782 - 104s - loss: 0.2648 - accuracy: 0.9048 - val_loss: 0.5659 - val_accuracy: 0.8220 - 104s/epoch - 133ms/step
Epoch 40/40

Epoch 40: val_loss did not improve from 0.55363
782/782 - 104s - loss: 0.2597 - accuracy: 0.9063 - val_loss: 0.5713 - val_accuracy: 0.8214 - 104s/epoch - 133ms/step
